#
# There is insufficient memory for the Java Runtime Environment to continue.
# Native memory allocation (malloc) failed to allocate 32744 bytes for ChunkPool::allocate
# Possible reasons:
#   The system is out of physical RAM or swap space
#   In 32 bit mode, the process size limit was hit
# Possible solutions:
#   Reduce memory load on the system
#   Increase physical memory or swap space
#   Check if swap backing store is full
#   Use 64 bit Java on a 64 bit OS
#   Decrease Java heap size (-Xmx/-Xms)
#   Decrease number of Java threads
#   Decrease Java thread stack sizes (-Xss)
#   Set larger code cache with -XX:ReservedCodeCacheSize=
# This output file may be truncated or incomplete.
#
#  Out of Memory Error (allocation.cpp:273), pid=36, tid=5560
#
# JRE version: Java(TM) SE Runtime Environment (8.0_73-b02) (build 1.8.0_73-b02)
# Java VM: Java HotSpot(TM) 64-Bit Server VM (25.73-b02 mixed mode windows-amd64 compressed oops)
# Failed to write core dump. Minidumps are not enabled by default on client versions of Windows
#

---------------  T H R E A D  ---------------

Current thread (0x000000001665e000):  JavaThread "C2 CompilerThread0" daemon [_thread_in_native, id=5560, stack(0x0000000018250000,0x0000000018350000)]

Stack: [0x0000000018250000,0x0000000018350000]
[error occurred during error reporting (printing stack bounds), id 0xc0000005]

Native frames: (J=compiled Java code, j=interpreted, Vv=VM code, C=native code)


Current CompileTask:
C2:    136  153       4       java.lang.String::indexOf (166 bytes)


---------------  P R O C E S S  ---------------

Java Threads: ( => current thread )
  0x0000000017ef1000 JavaThread "Service Thread" daemon [_thread_blocked, id=5304, stack(0x0000000018550000,0x0000000018650000)]
  0x0000000017e53800 JavaThread "C1 CompilerThread2" daemon [_thread_in_native, id=2900, stack(0x0000000018450000,0x0000000018550000)]
  0x0000000017e54800 JavaThread "C2 CompilerThread1" daemon [_thread_blocked, id=4876, stack(0x0000000018350000,0x0000000018450000)]
=>0x000000001665e000 JavaThread "C2 CompilerThread0" daemon [_thread_in_native, id=5560, stack(0x0000000018250000,0x0000000018350000)]
  0x000000001665c800 JavaThread "Attach Listener" daemon [_thread_blocked, id=7020, stack(0x0000000017d50000,0x0000000017e50000)]
  0x0000000016610000 JavaThread "Signal Dispatcher" daemon [_thread_blocked, id=6752, stack(0x0000000017c50000,0x0000000017d50000)]
  0x0000000002f38000 JavaThread "Finalizer" daemon [_thread_blocked, id=6760, stack(0x0000000017850000,0x0000000017950000)]
  0x0000000002f2f800 JavaThread "Reference Handler" daemon [_thread_blocked, id=180, stack(0x0000000017750000,0x0000000017850000)]
  0x0000000002e40800 JavaThread "main" [_thread_in_vm, id=6500, stack(0x0000000002d40000,0x0000000002e40000)]

Other Threads:
  0x00000000165c8800 VMThread [stack: 0x0000000017650000,0x0000000017750000] [id=2712]
  0x0000000017f55000 WatcherThread [stack: 0x0000000018650000,0x0000000018750000] [id=4156]

VM state:not at safepoint (normal execution)

VM Mutex/Monitor currently owned by a thread: None

Heap:
 PSYoungGen      total 27648K, used 4872K [0x00000000e1900000, 0x00000000e3780000, 0x0000000100000000)
  eden space 24064K, 20% used [0x00000000e1900000,0x00000000e1dc2178,0x00000000e3080000)
  from space 3584K, 0% used [0x00000000e3400000,0x00000000e3400000,0x00000000e3780000)
  to   space 3584K, 0% used [0x00000000e3080000,0x00000000e3080000,0x00000000e3400000)
 ParOldGen       total 62976K, used 0K [0x00000000a4a00000, 0x00000000a8780000, 0x00000000e1900000)
  object space 62976K, 0% used [0x00000000a4a00000,0x00000000a4a00000,0x00000000a8780000)
 Metaspace       used 4023K, capacity 4870K, committed 5120K, reserved 1056768K
  class space    used 466K, capacity 498K, committed 512K, reserved 1048576K

Card table byte_map: [0x0000000012300000,0x00000000125e0000] byte_map_base: 0x0000000011ddb000

Marking Bits: (ParMarkBitMap*) 0x0000000068390600
 Begin Bits: [0x0000000012bd0000, 0x00000000142a8000)
 End Bits:   [0x00000000142a8000, 0x0000000015980000)

Polling page: 0x0000000002900000

CodeCache: size=245760Kb used=1408Kb max_used=1417Kb free=244351Kb
 bounds [0x0000000002f40000, 0x00000000031b0000, 0x0000000011f40000]
 total_blobs=404 nmethods=152 adapters=165
 compilation: enabled

Compilation events (10 events):
Event: 0.129 Thread 0x0000000017e53800 nmethod 147 0x0000000003095e90 code [0x0000000003096020, 0x00000000030963d8]
Event: 0.130 Thread 0x0000000017e54800 nmethod 142% 0x00000000030a2fd0 code [0x00000000030a3120, 0x00000000030a3678]
Event: 0.130 Thread 0x0000000017e53800  149       1       java.net.URLClassLoader::access$000 (5 bytes)
Event: 0.130 Thread 0x0000000017e53800 nmethod 149 0x00000000030931d0 code [0x0000000003093320, 0x0000000003093410]
Event: 0.130 Thread 0x0000000017e53800  150       1       sun.misc.URLClassPath$JarLoader::access$600 (5 bytes)
Event: 0.130 Thread 0x0000000017e53800 nmethod 150 0x0000000003095bd0 code [0x0000000003095d20, 0x0000000003095e10]
Event: 0.133 Thread 0x0000000017e53800  151       3       sun.net.www.protocol.file.Handler::parseURL (18 bytes)
Event: 0.133 Thread 0x000000001665e000  153       4       java.lang.String::indexOf (166 bytes)
Event: 0.133 Thread 0x0000000017e53800 nmethod 151 0x00000000030956d0 code [0x0000000003095840, 0x0000000003095ab8]
Event: 0.133 Thread 0x0000000017e53800  152       3       java.net.URLStreamHandler::parseURL (1158 bytes)

GC Heap History (0 events):
No events

Deoptimization events (0 events):
No events

Internal exceptions (10 events):
Event: 0.026 Thread 0x0000000002e40800 Exception <a 'java/lang/NoSuchMethodError': Method sun.misc.Unsafe.prefetchRead(Ljava/lang/Object;J)V name or signature does not match> (0x00000000e1913400) thrown at [D:\re\puppet\workspace\8-2-build-windows-amd64-cygwin\jdk8u73\6086\hotspot\src\share\vm\÷ekfûº?
Event: 0.105 Thread 0x0000000002e40800 Exception <a 'java/security/PrivilegedActionException'> (0x00000000e1c8ab38) thrown at [D:\re\puppet\workspace\8-2-build-windows-amd64-cygwin\jdk8u73\6086\hotspot\src\share\vm\prims\jvm.cpp, line 1386]
Event: 0.105 Thread 0x0000000002e40800 Exception <a 'java/security/PrivilegedActionException'> (0x00000000e1c8ad48) thrown at [D:\re\puppet\workspace\8-2-build-windows-amd64-cygwin\jdk8u73\6086\hotspot\src\share\vm\prims\jvm.cpp, line 1386]
Event: 0.106 Thread 0x0000000002e40800 Exception <a 'java/security/PrivilegedActionException'> (0x00000000e1c8d400) thrown at [D:\re\puppet\workspace\8-2-build-windows-amd64-cygwin\jdk8u73\6086\hotspot\src\share\vm\prims\jvm.cpp, line 1386]
Event: 0.106 Thread 0x0000000002e40800 Exception <a 'java/security/PrivilegedActionException'> (0x00000000e1c8d610) thrown at [D:\re\puppet\workspace\8-2-build-windows-amd64-cygwin\jdk8u73\6086\hotspot\src\share\vm\prims\jvm.cpp, line 1386]
Event: 0.133 Thread 0x0000000002e40800 Exception <a 'java/lang/ClassNotFoundException': org/apache/log4j/PatternLayoutBeanInfo> (0x00000000e1d86330) thrown at [D:\re\puppet\workspace\8-2-build-windows-amd64-cygwin\jdk8u73\6086\hotspot\src\share\vm\classfile\systemDictionary.cpp, line 210]
Event: 0.133 Thread 0x0000000002e40800 Exception <a 'java/lang/ClassNotFoundException': org/apache/log4j/LayoutBeanInfo> (0x00000000e1d8cbc0) thrown at [D:\re\puppet\workspace\8-2-build-windows-amd64-cygwin\jdk8u73\6086\hotspot\src\share\vm\classfile\systemDictionary.cpp, line 210]
Event: 0.134 Thread 0x0000000002e40800 Exception <a 'java/lang/ClassNotFoundException': java/lang/ObjectBeanInfo> (0x00000000e1d90028) thrown at [D:\re\puppet\workspace\8-2-build-windows-amd64-cygwin\jdk8u73\6086\hotspot\src\share\vm\classfile\systemDictionary.cpp, line 210]
Event: 0.134 Thread 0x0000000002e40800 Exception <a 'java/lang/ClassNotFoundException': java/lang/ObjectCustomizer> (0x00000000e1d93408) thrown at [D:\re\puppet\workspace\8-2-build-windows-amd64-cygwin\jdk8u73\6086\hotspot\src\share\vm\classfile\systemDictionary.cpp, line 210]
Event: 0.136 Thread 0x0000000002e40800 Exception <a 'java/lang/ArrayIndexOutOfBoundsException': 18> (0x00000000e1d95b08) thrown at [D:\re\puppet\workspace\8-2-build-windows-amd64-cygwin\jdk8u73\6086\hotspot\src\share\vm\interpreter\interpreterRuntime.cpp, line 366]

Events (10 events):
Event: 0.136 loading class java/lang/ArrayIndexOutOfBoundsException
Event: 0.136 loading class java/lang/IndexOutOfBoundsException
Event: 0.136 loading class java/lang/IndexOutOfBoundsException done
Event: 0.136 loading class java/lang/ArrayIndexOutOfBoundsException done
Event: 0.136 loading class sun/reflect/generics/tree/ClassSignature
Event: 0.136 loading class sun/reflect/generics/tree/Signature
Event: 0.136 loading class sun/reflect/generics/tree/Signature done
Event: 0.136 loading class sun/reflect/generics/tree/ClassSignature done
Event: 0.136 loading class java/lang/reflect/TypeVariable
Event: 0.136 loading class java/lang/reflect/TypeVariable done


Dynamic libraries:
0x00007ff74e960000 - 0x00007ff74e997000 	E:\Java\jdk1.8.0_73\bin\javaw.exe
0x00007ff92b0a0000 - 0x00007ff92b249000 	C:\windows\SYSTEM32\ntdll.dll
0x00007ff92a070000 - 0x00007ff92a1a9000 	C:\windows\system32\KERNEL32.DLL
0x00007ff928480000 - 0x00007ff92858e000 	C:\windows\system32\KERNELBASE.dll
0x00007ff92a800000 - 0x00007ff92a8a5000 	C:\windows\system32\ADVAPI32.dll
0x00007ff92aea0000 - 0x00007ff92b011000 	C:\windows\system32\USER32.dll
0x00007ff9255a0000 - 0x00007ff9257fa000 	C:\windows\WinSxS\amd64_microsoft.windows.common-controls_6595b64144ccf1df_6.0.9600.16384_none_62475f7becb72503\COMCTL32.dll
0x00007ff928640000 - 0x00007ff9286e7000 	C:\windows\system32\msvcrt.dll
0x00007ff92a1b0000 - 0x00007ff92a207000 	C:\windows\SYSTEM32\sechost.dll
0x00007ff92a350000 - 0x00007ff92a486000 	C:\windows\system32\RPCRT4.dll
0x00007ff92ad50000 - 0x00007ff92ae95000 	C:\windows\system32\GDI32.dll
0x00007ff929f30000 - 0x00007ff929f64000 	C:\windows\system32\IMM32.DLL
0x00007ff92a210000 - 0x00007ff92a349000 	C:\windows\system32\MSCTF.dll
0x0000000068410000 - 0x00000000684e2000 	E:\Java\jdk1.8.0_73\jre\bin\msvcr100.dll
0x0000000067b80000 - 0x0000000068410000 	E:\Java\jdk1.8.0_73\jre\bin\server\jvm.dll
0x00007ff9252f0000 - 0x00007ff9252f9000 	C:\windows\SYSTEM32\WSOCK32.dll
0x00007ff928450000 - 0x00007ff92846f000 	C:\windows\system32\WINMM.dll
0x00007ff921cb0000 - 0x00007ff921cba000 	C:\windows\SYSTEM32\VERSION.dll
0x00007ff929e00000 - 0x00007ff929e07000 	C:\windows\system32\PSAPI.DLL
0x00007ff9286f0000 - 0x00007ff928748000 	C:\windows\system32\WS2_32.dll
0x00007ff928130000 - 0x00007ff92815a000 	C:\windows\system32\WINMMBASE.dll
0x00007ff92a6a0000 - 0x00007ff92a6a9000 	C:\windows\system32\NSI.dll
0x00007ff928400000 - 0x00007ff92844a000 	C:\windows\SYSTEM32\cfgmgr32.dll
0x00007ff928100000 - 0x00007ff928126000 	C:\windows\system32\DEVOBJ.dll
0x0000000067b70000 - 0x0000000067b7f000 	E:\Java\jdk1.8.0_73\jre\bin\verify.dll
0x0000000067b40000 - 0x0000000067b69000 	E:\Java\jdk1.8.0_73\jre\bin\java.dll
0x0000000067b20000 - 0x0000000067b36000 	E:\Java\jdk1.8.0_73\jre\bin\zip.dll
0x00007ff928750000 - 0x00007ff929b5d000 	C:\windows\system32\SHELL32.dll
0x00007ff92a4c0000 - 0x00007ff92a697000 	C:\windows\SYSTEM32\combase.dll
0x00007ff929e10000 - 0x00007ff929e61000 	C:\windows\system32\SHLWAPI.dll
0x00007ff926340000 - 0x00007ff9263e1000 	C:\windows\SYSTEM32\SHCORE.dll
0x00007ff928050000 - 0x00007ff928064000 	C:\windows\SYSTEM32\profapi.dll

VM Arguments:
jvm_args: -Dfile.encoding=UTF-8 
java_command: com.zzy.gate.login.LoginService
java_class_path (initial): D:\0000000000000000000000000000000000\zero_world\zero-service-login\target\classes;D:\0000000000000000000000000000000000\zero_world\zero-service-common\target\classes;D:\maven_warehouse\log4j\log4j\1.2.17\log4j-1.2.17.jar;D:\maven_warehouse\com\alibaba\fastjson\1.2.14\fastjson-1.2.14.jar;D:\maven_warehouse\com\101tec\zkclient\0.9\zkclient-0.9.jar;D:\maven_warehouse\org\slf4j\slf4j-api\1.6.1\slf4j-api-1.6.1.jar;D:\maven_warehouse\org\slf4j\slf4j-log4j12\1.6.1\slf4j-log4j12-1.6.1.jar;D:\maven_warehouse\org\apache\zookeeper\zookeeper\3.4.8\zookeeper-3.4.8.jar;D:\maven_warehouse\jline\jline\0.9.94\jline-0.9.94.jar;D:\maven_warehouse\io\netty\netty\3.7.0.Final\netty-3.7.0.Final.jar;D:\maven_warehouse\com\alibaba\dubbo\2.5.3\dubbo-2.5.3.jar;D:\maven_warehouse\org\springframework\spring\2.5.6.SEC03\spring-2.5.6.SEC03.jar;D:\maven_warehouse\org\javassist\javassist\3.15.0-GA\javassist-3.15.0-GA.jar;D:\maven_warehouse\org\jboss\netty\netty\3.2.5.Final\netty-3.2.5.Final.jar;D:\maven_warehouse\org\springframework\spring-core\4.3.1.RELEASE\spring-core-4.3.1.RELEASE.jar;D:\maven_warehouse\commons-logging\commons-logging\1.2\commons-logging-1.2.jar;D:\maven_warehouse\org\apache\mina\mina-core\2.0.7\mina-core-2.0.7.jar
Launcher Type: SUN_STANDARD

Environment Variables:
JAVA_HOME=E:\Java\jdk1.8.0_73
PATH=C:\ProgramData\Oracle\Java\javapath;C:\windows\system32;C:\windows;C:\windows\System32\Wbem;C:\windows\System32\WindowsPowerShell\v1.0\;E:\apache-maven-3.3.9\bin;E:\Java\jdk1.8.0_73\bin;C:\Program Files (x86)\Bitvise SSH Client;E:\Git\cmd;C:\Program Files (x86)\Tesseract-OCR;
USERNAME=Administrator
OS=Windows_NT
PROCESSOR_IDENTIFIER=Intel64 Family 6 Model 60 Stepping 3, GenuineIntel



---------------  S Y S T E M  ---------------

OS: Windows 8.1 , 64 bit Build 9600 (6.3.9600.16656)

CPU:total 4 (4 cores per cpu, 1 threads per core) family 6 model 60 stepping 3, cmov, cx8, fxsr, mmx, sse, sse2, sse3, ssse3, sse4.1, sse4.2, popcnt, avx, avx2, aes, clmul, erms, lzcnt, tsc, tscinvbit, bmi1, bmi2

Memory: 4k page, physical 5981392k(1973136k free), swap 5981392k(5120k free)

vm_info: Java HotSpot(TM) 64-Bit Server VM (25.73-b02) for windows-amd64 JRE (1.8.0_73-b02), built on Jan 29 2016 17:38:49 by "java_re" with MS VC++ 10.0 (VS2010)

time: Fri Jul 29 16:31:54 2016
elapsed time: 0 seconds (0d 0h 0m 0s)

