2016-08-03 14:07:42,634 org.apache.zookeeper.ClientCnxn$SendThread.run(ClientCnxn.java:1162) WARN - message: Session 0x0 for server null, unexpected error, closing socket connection and attempting reconnect
java.net.ConnectException: Connection refused: no further information
	at sun.nio.ch.SocketChannelImpl.checkConnect(Native Method)
	at sun.nio.ch.SocketChannelImpl.finishConnect(SocketChannelImpl.java:717)
	at org.apache.zookeeper.ClientCnxnSocketNIO.doTransport(ClientCnxnSocketNIO.java:361)
	at org.apache.zookeeper.ClientCnxn$SendThread.run(ClientCnxn.java:1141)
2016-08-03 14:07:44,756 org.apache.zookeeper.ClientCnxn$SendThread.run(ClientCnxn.java:1162) WARN - message: Session 0x0 for server null, unexpected error, closing socket connection and attempting reconnect
java.net.ConnectException: Connection refused: no further information
	at sun.nio.ch.SocketChannelImpl.checkConnect(Native Method)
	at sun.nio.ch.SocketChannelImpl.finishConnect(SocketChannelImpl.java:717)
	at org.apache.zookeeper.ClientCnxnSocketNIO.doTransport(ClientCnxnSocketNIO.java:361)
	at org.apache.zookeeper.ClientCnxn$SendThread.run(ClientCnxn.java:1141)
2016-08-03 14:07:46,859 org.apache.zookeeper.ClientCnxn$SendThread.run(ClientCnxn.java:1162) WARN - message: Session 0x0 for server null, unexpected error, closing socket connection and attempting reconnect
java.net.ConnectException: Connection refused: no further information
	at sun.nio.ch.SocketChannelImpl.checkConnect(Native Method)
	at sun.nio.ch.SocketChannelImpl.finishConnect(SocketChannelImpl.java:717)
	at org.apache.zookeeper.ClientCnxnSocketNIO.doTransport(ClientCnxnSocketNIO.java:361)
	at org.apache.zookeeper.ClientCnxn$SendThread.run(ClientCnxn.java:1141)
2016-08-03 14:08:00,748 org.apache.zookeeper.ClientCnxn$SendThread.run(ClientCnxn.java:1162) WARN - message: Session 0x0 for server null, unexpected error, closing socket connection and attempting reconnect
java.net.ConnectException: Connection refused: no further information
	at sun.nio.ch.SocketChannelImpl.checkConnect(Native Method)
	at sun.nio.ch.SocketChannelImpl.finishConnect(SocketChannelImpl.java:717)
	at org.apache.zookeeper.ClientCnxnSocketNIO.doTransport(ClientCnxnSocketNIO.java:361)
	at org.apache.zookeeper.ClientCnxn$SendThread.run(ClientCnxn.java:1141)
